<?xml version="1.0" encoding="UTF-8"?>
<!-- Generated by org.testng.reporters.JUnitReportReporter -->
<testsuite hostname="Sallu" failures="0" tests="1" name="locatorForPractice.BasicXpathForDarazBD" time="89.643" errors="0" timestamp="2024-09-01T18:04:07 BDT" skipped="0">
  <testcase classname="locatorForPractice.BasicXpathForDarazBD" name="basicXpath2" time="89.643"/>
</testsuite> <!-- locatorForPractice.BasicXpathForDarazBD -->
