<?xml version="1.0" encoding="UTF-8"?>
<!-- Generated by org.testng.reporters.JUnitReportReporter -->
<testsuite hostname="Sallu" failures="0" tests="1" name="locatorForPractice.XpathLoopAndDynamicXpathForQaeLearn" time="55.934" errors="0" timestamp="2024-08-31T23:37:20 BDT" skipped="0">
  <testcase classname="locatorForPractice.XpathLoopAndDynamicXpathForQaeLearn" name="xpathdynamic2" time="55.934"/>
</testsuite> <!-- locatorForPractice.XpathLoopAndDynamicXpathForQaeLearn -->
