<?xml version="1.0" encoding="UTF-8"?>
<!-- Generated by org.testng.reporters.JUnitReportReporter -->
<testsuite hostname="Sallu" failures="0" tests="1" name="locatorsAdv.ContainXpath" time="1.849" errors="0" timestamp="2024-08-25T20:55:27 BDT" skipped="0">
  <testcase classname="locatorsAdv.ContainXpath" name="containMethod" time="1.849"/>
</testsuite> <!-- locatorsAdv.ContainXpath -->
