<?xml version="1.0" encoding="UTF-8"?>
<!-- Generated by org.testng.reporters.JUnitReportReporter -->
<testsuite hostname="Sallu" failures="0" tests="3" name="locators.RegularXpath" time="11.626" errors="0" timestamp="2024-09-01T22:56:44 BDT" skipped="0">
  <testcase classname="locators.RegularXpath" name="regularXpathTestForID" time="6.037"/>
  <testcase classname="locators.RegularXpath" name="regularXpathTestForClass" time="2.828"/>
  <testcase classname="locators.RegularXpath" name="regularXpathTestForName" time="2.761"/>
</testsuite> <!-- locators.RegularXpath -->
