<?xml version="1.0" encoding="UTF-8"?>
<!-- Generated by org.testng.reporters.JUnitReportReporter -->
<testsuite hostname="Sallu" failures="0" tests="1" name="locatorForPractice.DirectLocator" time="5.200" errors="0" timestamp="2024-08-26T15:44:48 BDT" skipped="0">
  <testcase classname="locatorForPractice.DirectLocator" name="idTest" time="5.200"/>
</testsuite> <!-- locatorForPractice.DirectLocator -->
