<?xml version="1.0" encoding="UTF-8"?>
<!-- Generated by org.testng.reporters.JUnitReportReporter -->
<testsuite hostname="Sallu" failures="0" tests="1" name="pomWithPageFactory.Pf_loginTest" time="5.840" errors="0" timestamp="2024-09-08T21:44:51 BDT" skipped="0">
  <testcase classname="pomWithPageFactory.Pf_loginTest" name="validLoginTest" time="5.840"/>
</testsuite> <!-- pomWithPageFactory.Pf_loginTest -->
