<?xml version="1.0" encoding="UTF-8"?>
<!-- Generated by org.testng.reporters.JUnitReportReporter -->
<testsuite hostname="Sallu" failures="0" tests="7" name="locatorForPractice.AllXpath" time="85.755" errors="0" timestamp="2024-08-26T17:41:08 BDT" skipped="0">
  <testcase classname="locatorForPractice.AllXpath" name="Xpath3" time="10.440"/>
  <testcase classname="locatorForPractice.AllXpath" name="Xpath5" time="9.836"/>
  <testcase classname="locatorForPractice.AllXpath" name="Xpath2" time="22.539"/>
  <testcase classname="locatorForPractice.AllXpath" name="Xpath4" time="10.701"/>
  <testcase classname="locatorForPractice.AllXpath" name="Xpath" time="14.776"/>
  <testcase classname="locatorForPractice.AllXpath" name="Xpath6" time="4.384"/>
  <testcase classname="locatorForPractice.AllXpath" name="Xpath1" time="13.079"/>
</testsuite> <!-- locatorForPractice.AllXpath -->
