<?xml version="1.0" encoding="UTF-8"?>
<!-- Generated by org.testng.reporters.JUnitReportReporter -->
<testsuite hostname="Sallu" failures="0" tests="3" name="locatorForPractice.XpathLoopAndDynamicXpathForFacebook" time="13.201" errors="0" timestamp="2024-08-28T14:01:15 BDT" skipped="0">
  <testcase classname="locatorForPractice.XpathLoopAndDynamicXpathForFacebook" name="xpathLoop2" time="3.152"/>
  <testcase classname="locatorForPractice.XpathLoopAndDynamicXpathForFacebook" name="xpathLoop" time="5.956"/>
  <testcase classname="locatorForPractice.XpathLoopAndDynamicXpathForFacebook" name="containDynamic" time="4.093"/>
</testsuite> <!-- locatorForPractice.XpathLoopAndDynamicXpathForFacebook -->
