<?xml version="1.0" encoding="UTF-8"?>
<!-- Generated by org.testng.reporters.JUnitReportReporter -->
<testsuite hostname="Sallu" failures="0" tests="1" name="locatorForPractice.BasicXpathForQAELearn" time="25.811" errors="0" timestamp="2024-08-31T23:00:57 BDT" skipped="0">
  <testcase classname="locatorForPractice.BasicXpathForQAELearn" name="basicXpath6" time="25.811"/>
</testsuite> <!-- locatorForPractice.BasicXpathForQAELearn -->
