<?xml version="1.0" encoding="UTF-8"?>
<!-- Generated by org.testng.reporters.JUnitReportReporter -->
<testsuite hostname="Sallu" failures="0" tests="1" name="webElementCommand.FindElement" time="7.212" errors="0" timestamp="2024-08-18T21:57:54 BDT" skipped="0">
  <testcase classname="webElementCommand.FindElement" name="loginTest" time="7.212"/>
</testsuite> <!-- webElementCommand.FindElement -->
