<?xml version="1.0" encoding="UTF-8"?>
<!-- Generated by org.testng.reporters.JUnitReportReporter -->
<testsuite hostname="Sallu" failures="0" tests="1" name="locatorForPractice.XpathLoopAndDynamicXpathForDarazBD" time="27.135" errors="0" timestamp="2024-08-28T15:46:00 BDT" skipped="0">
  <testcase classname="locatorForPractice.XpathLoopAndDynamicXpathForDarazBD" name="xpathdynamic2" time="27.135"/>
</testsuite> <!-- locatorForPractice.XpathLoopAndDynamicXpathForDarazBD -->
