<?xml version="1.0" encoding="UTF-8"?>
<!-- Generated by org.testng.reporters.JUnitReportReporter -->
<testsuite hostname="Sallu" failures="0" tests="6" name="locatorForPractice.BasicXpathForFacebook" time="23.033" errors="0" timestamp="2024-08-28T14:00:51 BDT" skipped="0">
  <testcase classname="locatorForPractice.BasicXpathForFacebook" name="basicXpath3" time="3.130"/>
  <testcase classname="locatorForPractice.BasicXpathForFacebook" name="basicXpath5" time="2.608"/>
  <testcase classname="locatorForPractice.BasicXpathForFacebook" name="basicXpath" time="4.358"/>
  <testcase classname="locatorForPractice.BasicXpathForFacebook" name="basicXpath1" time="4.410"/>
  <testcase classname="locatorForPractice.BasicXpathForFacebook" name="basicXpath4" time="4.598"/>
  <testcase classname="locatorForPractice.BasicXpathForFacebook" name="basicXpath2" time="3.929"/>
</testsuite> <!-- locatorForPractice.BasicXpathForFacebook -->
