<?xml version="1.0" encoding="UTF-8"?>
<!-- Generated by org.testng.reporters.JUnitReportReporter -->
<testsuite hostname="Sallu" failures="0" tests="1" name="locatorsAdv.XpathLoop" time="2.227" errors="0" timestamp="2024-08-25T21:20:36 BDT" skipped="0">
  <testcase classname="locatorsAdv.XpathLoop" name="XpathIndexTest" time="2.227"/>
</testsuite> <!-- locatorsAdv.XpathLoop -->
