<?xml version="1.0" encoding="UTF-8"?>
<!-- Generated by org.testng.reporters.JUnitReportReporter -->
<testsuite hostname="Sallu" failures="0" tests="5" name="dynamicCoding.DynamicLoginTest" time="20.568" errors="0" timestamp="2024-09-01T19:51:59 BDT" skipped="0">
  <testcase classname="dynamicCoding.DynamicLoginTest" name="invalidPassTest" time="3.998"/>
  <testcase classname="dynamicCoding.DynamicLoginTest" name="InvalidloginTest" time="3.693"/>
  <testcase classname="dynamicCoding.DynamicLoginTest" name="invalidusernameTest" time="5.186"/>
  <testcase classname="dynamicCoding.DynamicLoginTest" name="validUsernameInvalidPasswordnTest" time="4.014"/>
  <testcase classname="dynamicCoding.DynamicLoginTest" name="ValidloginTest" time="3.677"/>
</testsuite> <!-- dynamicCoding.DynamicLoginTest -->
