<?xml version="1.0" encoding="UTF-8"?>
<!-- Generated by org.testng.reporters.JUnitReportReporter -->
<testsuite hostname="Sallu" failures="0" tests="1" name="locatorForPractice.BasicXpathForQAELearn" time="23.487" errors="0" timestamp="2024-09-01T18:38:13 BDT" skipped="0">
  <testcase classname="locatorForPractice.BasicXpathForQAELearn" name="basicXpath" time="23.487"/>
</testsuite> <!-- locatorForPractice.BasicXpathForQAELearn -->
