<?xml version="1.0" encoding="UTF-8"?>
<!-- Generated by org.testng.reporters.JUnitReportReporter -->
<testsuite hostname="Sallu" failures="0" tests="4" name="locatorForPractice.BasicXpathForDarazBD" time="157.646" errors="0" timestamp="2024-08-28T15:37:29 BDT" skipped="0">
  <testcase classname="locatorForPractice.BasicXpathForDarazBD" name="basicXpath2" time="72.422"/>
  <testcase classname="locatorForPractice.BasicXpathForDarazBD" name="basicXpath" time="29.755"/>
  <testcase classname="locatorForPractice.BasicXpathForDarazBD" name="basicXpath1" time="28.695"/>
  <testcase classname="locatorForPractice.BasicXpathForDarazBD" name="basicXpath3" time="26.774"/>
</testsuite> <!-- locatorForPractice.BasicXpathForDarazBD -->
