<?xml version="1.0" encoding="UTF-8"?>
<!-- Generated by org.testng.reporters.JUnitReportReporter -->
<testsuite hostname="Sallu" failures="0" tests="3" name="locatorsAdv.DynamicXpath" time="1.217" errors="0" timestamp="2024-08-25T22:49:06 BDT" skipped="0">
  <testcase classname="locatorsAdv.DynamicXpath" name="startWithXpathFormula" time="0.086"/>
  <testcase classname="locatorsAdv.DynamicXpath" name="passTest" time="0.160"/>
  <testcase classname="locatorsAdv.DynamicXpath" name="userNameTest" time="0.971"/>
</testsuite> <!-- locatorsAdv.DynamicXpath -->
