<?xml version="1.0" encoding="UTF-8"?>
<!-- Generated by org.testng.reporters.JUnitReportReporter -->
<testsuite hostname="Sallu" failures="0" tests="5" name="dynamicCoding.DynamicLoginTestPractice" time="16.323" errors="0" timestamp="2024-09-04T12:14:18 BDT" skipped="0">
  <testcase classname="dynamicCoding.DynamicLoginTestPractice" name="validPasswordTest" time="3.003"/>
  <testcase classname="dynamicCoding.DynamicLoginTestPractice" name="InvalidPasswordTest13" time="3.062"/>
  <testcase classname="dynamicCoding.DynamicLoginTestPractice" name="InvalidUsernameTest" time="3.852"/>
  <testcase classname="dynamicCoding.DynamicLoginTestPractice" name="validUsernameTest" time="3.258"/>
  <testcase classname="dynamicCoding.DynamicLoginTestPractice" name="InvalidPasswordTest" time="3.148"/>
</testsuite> <!-- dynamicCoding.DynamicLoginTestPractice -->
