<?xml version="1.0" encoding="UTF-8"?>
<!-- Generated by org.testng.reporters.JUnitReportReporter -->
<testsuite hostname="Sallu" failures="0" tests="1" name="dynamicCoding.DynamicCodingTest" time="5.863" errors="0" timestamp="2024-09-04T22:51:58 BDT" skipped="0">
  <testcase classname="dynamicCoding.DynamicCodingTest" name="invalidpasswordTest" time="5.863"/>
</testsuite> <!-- dynamicCoding.DynamicCodingTest -->
