<?xml version="1.0" encoding="UTF-8"?>
<!-- Generated by org.testng.reporters.JUnitReportReporter -->
<testsuite hostname="Sallu" failures="0" tests="1" name="locatorsAdv.DirectLocators" time="0.131" errors="0" timestamp="2024-08-25T19:19:23 BDT" skipped="0">
  <testcase classname="locatorsAdv.DirectLocators" name="classAttributeTest" time="0.131"/>
</testsuite> <!-- locatorsAdv.DirectLocators -->
