<?xml version="1.0" encoding="UTF-8"?>
<!-- Generated by org.testng.reporters.JUnitReportReporter -->
<testsuite hostname="Sallu" failures="0" tests="1" name="locatorsAdv.BasicXpath" time="1.464" errors="0" timestamp="2024-08-25T20:42:33 BDT" skipped="0">
  <testcase classname="locatorsAdv.BasicXpath" name="linkXpath" time="1.464"/>
</testsuite> <!-- locatorsAdv.BasicXpath -->
