<?xml version="1.0" encoding="UTF-8"?>
<!-- Generated by org.testng.reporters.JUnitReportReporter -->
<testsuite hostname="Sallu" failures="0" tests="1" name="locatorsAdv.DirectLocators" time="7.930" errors="0" timestamp="2024-08-18T23:17:47 BDT" skipped="0">
  <testcase classname="locatorsAdv.DirectLocators" name="loginTest" time="7.930"/>
</testsuite> <!-- locatorsAdv.DirectLocators -->
