<?xml version="1.0" encoding="UTF-8"?>
<!-- Generated by org.testng.reporters.JUnitReportReporter -->
<testsuite hostname="Sallu" failures="0" tests="1" name="locatorsAdv.DL2" time="4.161" errors="0" timestamp="2024-08-25T09:33:19 BDT" skipped="0">
  <testcase classname="locatorsAdv.DL2" name="directLocator20" time="4.161"/>
</testsuite> <!-- locatorsAdv.DL2 -->
