<?xml version="1.0" encoding="UTF-8"?>
<!-- Generated by org.testng.reporters.JUnitReportReporter -->
<testsuite hostname="Sallu" failures="0" tests="1" name="findElements.FacebookLinks" time="0.412" errors="0" timestamp="2024-08-21T12:29:10 BDT" skipped="0">
  <testcase classname="findElements.FacebookLinks" name="specificLinkTest2" time="0.412"/>
</testsuite> <!-- findElements.FacebookLinks -->
