<?xml version="1.0" encoding="UTF-8"?>
<!-- Generated by org.testng.reporters.JUnitReportReporter -->
<testsuite hostname="Sallu" failures="0" tests="6" name="locatorForPractice.BasicXpathForFacebook" time="275.519" errors="0" timestamp="2024-08-31T22:09:35 BDT" skipped="0">
  <testcase classname="locatorForPractice.BasicXpathForFacebook" name="basicXpath2" time="4.685"/>
  <testcase classname="locatorForPractice.BasicXpathForFacebook" name="basicXpath" time="6.696"/>
  <testcase classname="locatorForPractice.BasicXpathForFacebook" name="basicXpath1" time="7.602"/>
  <testcase classname="locatorForPractice.BasicXpathForFacebook" name="basicXpath3" time="246.475"/>
  <testcase classname="locatorForPractice.BasicXpathForFacebook" name="basicXpath4" time="6.673"/>
  <testcase classname="locatorForPractice.BasicXpathForFacebook" name="basicXpath5" time="3.388"/>
</testsuite> <!-- locatorForPractice.BasicXpathForFacebook -->
